INFO:     Shutting down
INFO:     Waiting for application shutdown.
INFO:     Application shutdown complete.
INFO:     Finished server process [50171]
INFO:     Started server process [50539]
INFO:     Waiting for application startup.
INFO:     Application startup complete.
INFO:     Uvicorn running on http://0.0.0.0:18081 (Press CTRL+C to quit)
INFO:     Shutting down
INFO:     Waiting for background tasks to complete. (CTRL+C to force quit)
INFO:     Started server process [51085]
INFO:     Waiting for application startup.
INFO:     Application startup complete.
INFO:     Uvicorn running on http://0.0.INFO:     Waiting for application shutdown.
INFO:     Application shutdown complete.
INFO:     Finished server process [46406]
 Finished server process [50539]
INFO:     Shutting down
INFO:     Waiting for background tasks to complete. (CTRL+C to force quit)
INFO:     Started server process [52547]
INFO:     Waiting for application startup.
INFO:     Application startup complete.
INFO:     Uvicorn running on http://0.0.0.0:18081 (Press CTRL+C to quit)
INFO:     Waiting for application shutdown.
INFO:     Application shutdown complete.
INFO:     Finished server process [51085]
INFO:     127.0.0.1:55157 - "GET /status HTTP/1.1" 200 OK
